<?xml version="1.0" encoding="UTF-8"?>
<!-- Generated by org.testng.reporters.JUnitXMLReporter -->
<testsuite ignored="0" hostname="DESKTOP-81PIML4" failures="0" tests="3" name="Default test" time="0.309" errors="0" timestamp="2022-07-21T16:10:04 IST">
  <testcase classname="str_13_07_22.ExtentReportsClass" name="@BeforeTest startReport" time="0.154">
    <failure type="java.lang.NoClassDefFoundError" message="freemarker/template/TemplateException">
      <![CDATA[java.lang.NoClassDefFoundError: freemarker/template/TemplateException
at com.relevantcodes.extentreports.ExtentReports.<init>(ExtentReports.java:86)
at com.relevantcodes.extentreports.ExtentReports.<init>(ExtentReports.java:375)
at str_13_07_22.ExtentReportsClass.startReport(ExtentReportsClass.java:27)
at java.base/jdk.internal.reflect.DirectMethodHandleAccessor.invoke(DirectMethodHandleAccessor.java:104)
at java.base/java.lang.reflect.Method.invoke(Method.java:577)
at org.testng.internal.MethodInvocationHelper.invokeMethod(MethodInvocationHelper.java:133)
at org.testng.internal.MethodInvocationHelper.invokeMethodConsideringTimeout(MethodInvocationHelper.java:62)
at org.testng.internal.ConfigInvoker.invokeConfigurationMethod(ConfigInvoker.java:385)
at org.testng.internal.ConfigInvoker.invokeConfigurations(ConfigInvoker.java:321)
at org.testng.TestRunner.invokeTestConfigurations(TestRunner.java:637)
at org.testng.TestRunner.beforeRun(TestRunner.java:627)
at org.testng.TestRunner.run(TestRunner.java:589)
at org.testng.SuiteRunner.runTest(SuiteRunner.java:377)
at org.testng.SuiteRunner.runSequentially(SuiteRunner.java:371)
at org.testng.SuiteRunner.privateRun(SuiteRunner.java:332)
at org.testng.SuiteRunner.run(SuiteRunner.java:276)
at org.testng.SuiteRunnerWorker.runSuite(SuiteRunnerWorker.java:53)
at org.testng.SuiteRunnerWorker.run(SuiteRunnerWorker.java:96)
at org.testng.TestNG.runSuitesSequentially(TestNG.java:1212)
at org.testng.TestNG.runSuitesLocally(TestNG.java:1134)
at org.testng.TestNG.runSuites(TestNG.java:1063)
at org.testng.TestNG.run(TestNG.java:1031)
at org.testng.remote.AbstractRemoteTestNG.run(AbstractRemoteTestNG.java:115)
at org.testng.remote.RemoteTestNG.initAndRun(RemoteTestNG.java:251)
at org.testng.remote.RemoteTestNG.main(RemoteTestNG.java:77)
Caused by: java.lang.ClassNotFoundException: freemarker.template.TemplateException
at java.base/jdk.internal.loader.BuiltinClassLoader.loadClass(BuiltinClassLoader.java:641)
at java.base/jdk.internal.loader.ClassLoaders$AppClassLoader.loadClass(ClassLoaders.java:188)
at java.base/java.lang.ClassLoader.loadClass(ClassLoader.java:521)
... 25 more
]]>
    </failure>
  </testcase> <!-- @BeforeTest startReport -->
  <testcase classname="str_13_07_22.ExtentReportsClass" name="@AfterMethod getResult" time="-1.658400004558E9">
    <skipped/>
  </testcase> <!-- @AfterMethod getResult -->
  <testcase classname="str_13_07_22.ExtentReportsClass" name="@AfterMethod getResult" time="-1.658400004586E9">
    <skipped/>
  </testcase> <!-- @AfterMethod getResult -->
  <testcase classname="str_13_07_22.ExtentReportsClass" name="@AfterMethod getResult" time="-1.658400004601E9">
    <skipped/>
  </testcase> <!-- @AfterMethod getResult -->
  <testcase classname="str_13_07_22.ExtentReportsClass" name="@AfterTest endReport" time="-1.658400004618E9">
    <skipped/>
  </testcase> <!-- @AfterTest endReport -->
  <testcase classname="str_13_07_22.ExtentReportsClass" name="failTest" time="0.0">
    <skipped/>
  </testcase> <!-- failTest -->
  <testcase classname="str_13_07_22.ExtentReportsClass" name="passTest" time="0.0">
    <skipped/>
  </testcase> <!-- passTest -->
  <testcase classname="str_13_07_22.ExtentReportsClass" name="skipTest" time="0.0">
    <skipped/>
  </testcase> <!-- skipTest -->
</testsuite> <!-- Default test -->
